host: MPLCLTMP0423.local
Building DAG of jobs...
Using shell: /opt/homebrew/bin/bash
Provided cores: 4
Rules claiming more threads will be scaled down.
Conda environments: ignored
Job stats:
job                       count
----------------------  -------
alignment                     1
all                           1
fasta_concatenation           1
mask_alignment                1
metadata_concatenation        1
total                         5

Select jobs to execute...
Execute 2 jobs...

[Thu Mar  6 11:00:19 2025]
Job 1: 
        Concatenating query and background metadata files
        
Reason: Missing output files: results/metadata_concat/alpha_metadata.tsv


[Thu Mar  6 11:00:19 2025]
Job 2: 
        Concatenating query and background FASTA files and removing duplicates
        
Reason: Missing output files: results/fasta_concat/alpha_msa_rmdup.fasta

[Thu Mar  6 11:00:19 2025]
Finished job 1.
1 of 5 steps (20%) done
[Thu Mar  6 11:00:20 2025]
Finished job 2.
2 of 5 steps (40%) done
Select jobs to execute...
Execute 1 jobs...

[Thu Mar  6 11:00:20 2025]
Job 3: 
        Aligning the concatenated FASTA file
        
Reason: Missing output files: results/alignment/alpha_aligned.fasta; Input files updated by another job: results/fasta_concat/alpha_msa_rmdup.fasta

[Thu Mar  6 11:01:35 2025]
Finished job 3.
3 of 5 steps (60%) done
Select jobs to execute...
Execute 1 jobs...

[Thu Mar  6 11:01:35 2025]
Job 4: 
        Masking and trimming the alignment using Gblocks
        
Reason: Missing output files: results/alignment/alpha_aligned_trimmed.fasta; Input files updated by another job: results/alignment/alpha_aligned.fasta

RuleException:
CalledProcessError in file /Users/armel001/Documents/Workflow_template/workflow/rules/data_anal_trim.smk, line 16:
Command 'set -euo pipefail;  
        Gblocks results/alignment/alpha_aligned.fasta -t=d -b5=h > /dev/null' returned non-zero exit status 1.
[Thu Mar  6 11:01:40 2025]
Error in rule mask_alignment:
    jobid: 4
    input: results/alignment/alpha_aligned.fasta
    output: results/alignment/alpha_aligned_trimmed.fasta
    conda-env: /Users/armel001/Documents/Workflow_template/.snakemake/conda/97e9d486c94103f65e1d4ceafd49cd5e_
    shell:
        
        Gblocks results/alignment/alpha_aligned.fasta -t=d -b5=h > /dev/null
        
        (one of the commands exited with non-zero exit code; note that snakemake uses bash strict mode!)

Shutting down, this might take some time.
Exiting because a job execution failed. Look above for error message
Complete log: .snakemake/log/2025-03-06T110017.278052.snakemake.log
WorkflowError:
At least one job did not complete successfully.
