Building DAG of jobs...
Using shell: /bin/bash
Provided cores: 4
Rules claiming more threads will be scaled down.
Job stats:
job                   count
------------------  -------
all                       1
treetime_ancestral        1
treetime_clock            1
total                     3

Select jobs to execute...
Execute 2 jobs...

[Tue Mar 11 10:43:41 2025]
Job 7: 
        Inferring ancestral sequences using treetime
        Sample : alpha
        
Reason: Missing output files: results/treetime_ancestral/alpha_tree/timetree.nexus

Activating conda environment: .snakemake/conda/38bd8cbf87b99d167db693ab77b559e9_

[Tue Mar 11 10:43:41 2025]
Job 6: 
        Verifiying molecular clock signal
        Sample : alpha
        
Reason: Missing output files: results/alpha_final_tree/alpha_root_to_tip_regression.pdf

Activating conda environment: .snakemake/conda/38bd8cbf87b99d167db693ab77b559e9_
[Tue Mar 11 10:43:46 2025]
Error in rule treetime_clock:
    jobid: 6
    input: results/phylogenetic_tree/alpha_tree/alpha_aligned_trimmed.fasta.treefile, results/metadata_concat/alpha_metadata.tsv
    output: results/treetime_clock/alpha_tree, results/alpha_final_tree/alpha_root_to_tip_regression.pdf
    log: results/log/alpha_aligned_trimmed_tree_clock.log (check log file(s) for error details)
    conda-env: /Users/armel001/Documents/Workflow_template/.snakemake/conda/38bd8cbf87b99d167db693ab77b559e9_
    shell:
        
        treetime clock         --tree results/phylogenetic_tree/alpha_tree/alpha_aligned_trimmed.fasta.treefile         --dates results/metadata_concat/alpha_metadata.tsv         --sequence-length 29650         --outdir results/treetime_clock/alpha_tree
        
        cp results/treetime_clock/alpha_tree/root_to_tip_regression.pdf results/alpha_final_tree/alpha_root_to_tip_regression.pdf/alpha_root_to_tip_regression.pdf
        echo 'Phylogenetic tree molecular clock signal verification completed for alpha'
        >> results/log/alpha_aligned_trimmed_tree_clock.log
        
        (one of the commands exited with non-zero exit code; note that snakemake uses bash strict mode!)

Removing output files of failed job treetime_clock since they might be corrupted:
results/treetime_clock/alpha_tree
Terminating processes on user request, this might take some time.
[Tue Mar 11 10:43:52 2025]
Error in rule treetime_ancestral:
    jobid: 7
    input: results/phylogenetic_tree/alpha_tree/alpha_aligned_trimmed.fasta.treefile, results/alignment/alpha_aligned.fasta, results/metadata_concat/alpha_metadata.tsv
    output: results/treetime_ancestral/alpha_tree, results/treetime_ancestral/alpha_tree/timetree.nexus
    log: results/log/alpha_aligned_trimmed_tree_ancestral.log (check log file(s) for error details)
    conda-env: /Users/armel001/Documents/Workflow_template/.snakemake/conda/38bd8cbf87b99d167db693ab77b559e9_
    shell:
        
        treetime --aln results/alignment/alpha_aligned.fasta         --tree results/phylogenetic_tree/alpha_tree/alpha_aligned_trimmed.fasta.treefile           --dates results/metadata_concat/alpha_metadata.tsv             --clock-rate 0.008         --clock-std-dev 0.0035         --outdir results/treetime_ancestral/alpha_tree         --confidence
        mv results/treetime_ancestral/alpha_tree/timetree.nexus "results/alpha_final_tree/alpha_timetree.nexus"
        echo 'Time scale phylogenetic tree constructed alpha' >> results/log/alpha_aligned_trimmed_tree_ancestral.log
        
        (one of the commands exited with non-zero exit code; note that snakemake uses bash strict mode!)

Complete log: .snakemake/log/2025-03-11T104339.232433.snakemake.log
WorkflowError:
At least one job did not complete successfully.
