host: MPLCLTMP0423.local
Building DAG of jobs...
Using shell: /opt/homebrew/bin/bash
Provided cores: 4
Rules claiming more threads will be scaled down.
Conda environments: ignored
Job stats:
job                       count
----------------------  -------
all                           1
events_extaction              1
metadata_concatenation        1
treetime_clock                1
treetime_mugration            1
treetime_timescale            1
total                         6

Select jobs to execute...
Execute 1 jobs...

[Fri May 16 19:58:31 2025]
Job 6: 
        Concatenating query and background metadata files
        Samples : alpha
        
Reason: Code has changed since last execution

[Fri May 16 19:58:32 2025]
Finished job 6.
1 of 6 steps (17%) done
Select jobs to execute...
Execute 2 jobs...

[Fri May 16 19:58:32 2025]
Job 8: 
        Inferring time-scale phylogenetic tree using treetime
        Sample : alpha
        
Reason: Input files updated by another job: results/00_Dataset/alpha_metadata.tsv


[Fri May 16 19:58:32 2025]
Job 9: 
        Verifiying molecular clock signal
        Sample : alpha
        
Reason: Input files updated by another job: results/00_Dataset/alpha_metadata.tsv

[Fri May 16 19:58:35 2025]
Finished job 9.
2 of 6 steps (33%) done
[Fri May 16 19:59:47 2025]
Finished job 8.
3 of 6 steps (50%) done
Select jobs to execute...
Execute 1 jobs...

[Fri May 16 19:59:47 2025]
Job 7: 
        Place Attribute to each tip in the tree
        Sample : alpha
        
Reason: Missing output files: results/05_Treetime_mugration/alpha_tree/annotated_tree.nexus; Input files updated by another job: results/99_FINAL_REPORT/alpha_timetree.nexus, results/00_Dataset/alpha_metadata.tsv

[Fri May 16 19:59:52 2025]
Finished job 7.
4 of 6 steps (67%) done
Select jobs to execute...
Execute 1 jobs...

[Fri May 16 19:59:52 2025]
Job 5: 
        Extract events from the tree for the sample : alpha
        Using Baltic script developed by @eduan and col.
        
Reason: Missing output files: results/99_FINAL_REPORT/alpha_annottated_tree_events.csv; Input files updated by another job: results/00_Dataset/alpha_metadata.tsv, results/05_Treetime_mugration/alpha_tree/annotated_tree.nexus

[Fri May 16 19:59:53 2025]
Finished job 5.
5 of 6 steps (83%) done
Select jobs to execute...
Execute 1 jobs...

[Fri May 16 19:59:53 2025]
localrule all:
    input: results/02_Phylogenetic_tree/alpha_tree/alpha_aligned_trimmed.fasta.treefile, results/99_FINAL_REPORT/alpha_annottated_tree_events.csv, results/99_FINAL_REPORT/alpha_root_to_tip_regression.pdf
    jobid: 0
    reason: Input files updated by another job: results/99_FINAL_REPORT/alpha_annottated_tree_events.csv, results/99_FINAL_REPORT/alpha_root_to_tip_regression.pdf
    resources: tmpdir=/var/folders/0k/yxjp5l81665234b076ynjzxr0000gq/T

[Fri May 16 19:59:53 2025]
Finished job 0.
6 of 6 steps (100%) done
Complete log: .snakemake/log/2025-05-16T195830.251451.snakemake.log
