host: MPLCLTPO1561.ird.priv
Building DAG of jobs...
Using shell: /opt/homebrew/bin/bash
Provided cores: 4
Rules claiming more threads will be scaled down.
Conda environments: ignored
Job stats:
job                       count
----------------------  -------
alignment                     1
all                           1
fasta_concatenation           1
metadata_concatenation        1
total                         4

Select jobs to execute...
Execute 2 jobs...

[Tue Mar  4 16:03:30 2025]
Job 1: 
        Concatenating query and background metadata files
	
Reason: Missing output files: results/metadata_concat/alpha_metadata.tsv


[Tue Mar  4 16:03:30 2025]
Job 3: 
        Concatenating query and background fasta files
	
Reason: Missing output files: results/fasta_concat/alpha_msa.fasta

[Tue Mar  4 16:03:30 2025]
Finished job 1.
1 of 4 steps (25%) done
[Tue Mar  4 16:03:30 2025]
Finished job 3.
2 of 4 steps (50%) done
Select jobs to execute...
Execute 1 jobs...

[Tue Mar  4 16:03:30 2025]
Job 2: 
        Aligning the concatenated FASTA file
        
Reason: Missing output files: results/alignment/alpha_aligned.fasta; Input files updated by another job: results/fasta_concat/alpha_msa.fasta; Set of input files has changed since last execution

[Tue Mar  4 16:04:29 2025]
Finished job 2.
3 of 4 steps (75%) done
Select jobs to execute...
Execute 1 jobs...

[Tue Mar  4 16:04:29 2025]
localrule all:
    input: results/metadata_concat/alpha_metadata.tsv, results/alignment/alpha_aligned.fasta
    jobid: 0
    reason: Input files updated by another job: results/alignment/alpha_aligned.fasta, results/metadata_concat/alpha_metadata.tsv
    resources: tmpdir=/var/folders/0k/yxjp5l81665234b076ynjzxr0000gq/T

[Tue Mar  4 16:04:29 2025]
Finished job 0.
4 of 4 steps (100%) done
Complete log: .snakemake/log/2025-03-04T160328.467309.snakemake.log
