host: MPLCLTMP0423.local
Building DAG of jobs...
Using shell: /opt/homebrew/bin/bash
Provided cores: 4
Rules claiming more threads will be scaled down.
Conda environments: ignored
Job stats:
job             count
------------  -------
all                 1
initial_tree        1
total               2

Select jobs to execute...
Execute 1 jobs...

[Thu Mar  6 13:03:48 2025]
Job 5: 
        Building a phylogenetic tree using IQ-TREE
        
Reason: Code has changed since last execution

Waiting at most 5 seconds for missing files:
results/phylogenetic_tree/alpha_aligned_trimmed.fasta.treefile (missing locally)
Terminating processes on user request, this might take some time.
Complete log: .snakemake/log/2025-03-06T130346.586777.snakemake.log
WorkflowError:
At least one job did not complete successfully.
