host: MPLCLTMP0423.local
Building DAG of jobs...
Using shell: /opt/homebrew/bin/bash
Provided cores: 2
Rules claiming more threads will be scaled down.
Job stats:
job                    count
-------------------  -------
all                        1
fasta_concatenation        1
total                      2

Select jobs to execute...
Execute 1 jobs...

[Mon Mar  3 19:25:54 2025]
Job 1: 
        Concatenating query and background fasta files
	
Reason: Missing output files: results/fasta_concatenation/msa_alpha.fasta

[Mon Mar  3 19:25:54 2025]
Finished job 1.
1 of 2 steps (50%) done
Select jobs to execute...
Execute 1 jobs...

[Mon Mar  3 19:25:54 2025]
localrule all:
    input: results/fasta_concatenation/msa_alpha.fasta
    jobid: 0
    reason: Input files updated by another job: results/fasta_concatenation/msa_alpha.fasta
    resources: tmpdir=/var/folders/0k/yxjp5l81665234b076ynjzxr0000gq/T

[Mon Mar  3 19:25:54 2025]
Finished job 0.
2 of 2 steps (100%) done
Complete log: .snakemake/log/2025-03-03T192554.527870.snakemake.log
