host: MPLCLTMP0423.local
Building DAG of jobs...
Using shell: /opt/homebrew/bin/bash
Provided cores: 4
Rules claiming more threads will be scaled down.
Conda environments: ignored
Job stats:
job               count
--------------  -------
all                   1
treetime_clock        1
total                 2

Select jobs to execute...
Execute 1 jobs...

[Thu Mar  6 14:22:25 2025]
Job 6: 
        Verifiying molecular clock signal 
        
Reason: Missing output files: results/treetime_clock/alpha_tree/alpha_aligned_trimmed.fasta.clock.nexus

RuleException in rule treetime_clock in file /Users/armel001/Documents/Workflow_template/workflow/rules/treetime_clock_testing.smk, line 1:
AttributeError: 'InputFiles' object has no attribute 'tree', when formatting the following:

        mkdir -p results/treetime_clock/{wildcards.sample}_tree
        treetime clock --tree {input.tree} --dates {output.metadata} --sequence-length 29701
        echo "Phylogenetic tree molecular clock signal verification completed for {wildcards.sample}" >> {log}
        
