host: MPLCLTMP0423.local
Building DAG of jobs...
Using shell: /opt/homebrew/bin/bash
Provided cores: 4
Rules claiming more threads will be scaled down.
Job stats:
job                   count
------------------  -------
all                       1
treetime_ancestral        1
treetime_clock            1
total                     3

Select jobs to execute...
Execute 2 jobs...

[Tue Mar 11 00:46:27 2025]
Job 6: 
        Verifiying molecular clock signal
        Sample : alpha
        
Reason: Missing output files: results/treetime_clock/alpha_tree/root_to_tip_regression.pdf

WorkflowError:
Failed to create output directory /results.
OSError: [Errno 30] Read-only file system: '/results'
