host: MPLCLTMP0423.local
Building DAG of jobs...
Using shell: /opt/homebrew/bin/bash
Provided cores: 4
Rules claiming more threads will be scaled down.
Conda environments: ignored
Job stats:
job                       count
----------------------  -------
alignment                     1
all                           1
fasta_concatenation           1
initial_tree                  1
mask_alignment                1
metadata_concatenation        1
total                         6

Select jobs to execute...
Execute 2 jobs...

[Thu Mar  6 12:14:51 2025]
Job 1: 
        Concatenating query and background metadata files
        
Reason: Missing output files: results/metadata_concat/alpha_metadata.tsv


[Thu Mar  6 12:14:51 2025]
Job 2: 
        Concatenating query and background FASTA files and removing duplicates
        
Reason: Missing output files: results/fasta_concat/alpha_msa_rmdup.fasta

[Thu Mar  6 12:14:51 2025]
Finished job 1.
1 of 6 steps (17%) done
[Thu Mar  6 12:14:51 2025]
Finished job 2.
2 of 6 steps (33%) done
Select jobs to execute...
Execute 1 jobs...

[Thu Mar  6 12:14:51 2025]
Job 3: 
        Aligning the concatenated FASTA file
        
Reason: Missing output files: results/alignment/alpha_aligned.fasta; Input files updated by another job: results/fasta_concat/alpha_msa_rmdup.fasta

[Thu Mar  6 12:16:06 2025]
Finished job 3.
3 of 6 steps (50%) done
Select jobs to execute...
Execute 1 jobs...

[Thu Mar  6 12:16:06 2025]
Job 4: 
        Masking and trimming the alignment using Gblocks
        
Reason: Missing output files: results/alignment/alpha_aligned_trimmed.fasta; Input files updated by another job: results/alignment/alpha_aligned.fasta

[Thu Mar  6 12:16:11 2025]
Finished job 4.
4 of 6 steps (67%) done
Select jobs to execute...
Execute 1 jobs...

[Thu Mar  6 12:16:11 2025]
Job 5: 
        Building a phylogenetic tree using IQ-TREE
        
Reason: Missing output files: results/phylogenetic_tree/alpha_tree; Input files updated by another job: results/alignment/alpha_aligned_trimmed.fasta

RuleException:
CalledProcessError in file /Users/armel001/Documents/Workflow_template/workflow/rules/data_anal_tree.smk, line 18:
Command 'set -euo pipefail;  
        iqtree -s results/alignment/alpha_aligned_trimmed.fasta -fast -m MF -alrt 1000 -nt AUTO > results/log/alpha_tree.log 2>&1
        mv results/alignment/alpha_aligned_trimmed.fasta* results/phylogenetic_tree/alpha_tree
        echo "Phylogenetic tree completed for alpha" >> results/log/alpha_tree.log' returned non-zero exit status 1.
[Thu Mar  6 12:17:44 2025]
Error in rule initial_tree:
    jobid: 5
    input: results/alignment/alpha_aligned_trimmed.fasta
    output: results/phylogenetic_tree/alpha_tree
    log: results/log/alpha_tree.log (check log file(s) for error details)
    conda-env: /Users/armel001/Documents/Workflow_template/.snakemake/conda/718e0263b3a024fe2825541352618afa_
    shell:
        
        iqtree -s results/alignment/alpha_aligned_trimmed.fasta -fast -m MF -alrt 1000 -nt AUTO > results/log/alpha_tree.log 2>&1
        mv results/alignment/alpha_aligned_trimmed.fasta* results/phylogenetic_tree/alpha_tree
        echo "Phylogenetic tree completed for alpha" >> results/log/alpha_tree.log
        
        (one of the commands exited with non-zero exit code; note that snakemake uses bash strict mode!)

Shutting down, this might take some time.
Exiting because a job execution failed. Look above for error message
Complete log: .snakemake/log/2025-03-06T121448.536158.snakemake.log
WorkflowError:
At least one job did not complete successfully.
