host: MPLCLTMP0423.local
Building DAG of jobs...
Using shell: /opt/homebrew/bin/bash
Provided cores: 2
Rules claiming more threads will be scaled down.
Conda environments: ignored
Job stats:
job                    count
-------------------  -------
all                        1
fasta_concatenation        1
total                      2

Select jobs to execute...
Execute 1 jobs...

[Mon Mar  3 19:21:34 2025]
Job 1: 
        Concatenating query and background fasta files
	
Reason: Missing output files: results/fasta_concatenation/msa_alpha.fasta

WorkflowError:
Failed to open source file /Users/armel001/Documents/Workflow_template/workflow/rules/workflow-core.yaml
FileNotFoundError: [Errno 2] No such file or directory: '/Users/armel001/Documents/Workflow_template/workflow/rules/workflow-core.yaml'
WorkflowError:
Failed to open source file /Users/armel001/Documents/Workflow_template/workflow/rules/workflow-core.yaml
FileNotFoundError: [Errno 2] No such file or directory: '/Users/armel001/Documents/Workflow_template/workflow/rules/workflow-core.yaml'
