host: MPLCLTMP0423.local
Building DAG of jobs...
Using shell: /opt/homebrew/bin/bash
Provided cores: 4
Rules claiming more threads will be scaled down.
Conda environments: ignored
Job stats:
job                       count
----------------------  -------
alignment                     1
all                           1
fasta_concatenation           1
metadata_concatenation        1
total                         4

Select jobs to execute...
Execute 2 jobs...

[Wed Mar  5 16:02:11 2025]
Job 1: 
        Concatenating query and background metadata files
        
Reason: Missing output files: results/metadata_concat/alpha_metadata.tsv; Code has changed since last execution

RuleException in rule metadata_concatenation in file /Users/armel001/Documents/Workflow_template/workflow/rules/data_prep.smk, line 27:
NameError: The name 'sample' is unknown in this context. Did you mean 'wildcards.sample'?, when formatting the following:

        cat {input.metadata_query} > {output.metadata}
        tail -n +2 {input.metadata_background} >> {output.metadata}
        echo "Metadata concatenation completed for {sample}" >> {log}
        2>> {log}
        
