host: MPLCLTMP0423.local
Building DAG of jobs...
Using shell: /opt/homebrew/bin/bash
Provided cores: 4
Rules claiming more threads will be scaled down.
Conda environments: ignored
Job stats:
job                       count
----------------------  -------
alignment                     1
all                           1
fasta_concatenation           1
metadata_concatenation        1
total                         4

Select jobs to execute...
Execute 2 jobs...

[Wed Mar  5 14:28:27 2025]
Job 1: 
        Concatenating query and background metadata files
	
Reason: Missing output files: results/metadata_concat/alpha_metadata.tsv; Code has changed since last execution


[Wed Mar  5 14:28:27 2025]
Job 3: 
        Concatenating query and background fasta files
	
Reason: Missing output files: results/fasta_concat/alpha_msa.fasta; Code has changed since last execution

[Wed Mar  5 14:28:27 2025]
Finished job 1.
1 of 4 steps (25%) done
[Wed Mar  5 14:28:27 2025]
Finished job 3.
2 of 4 steps (50%) done
Select jobs to execute...
Execute 1 jobs...

[Wed Mar  5 14:28:27 2025]
Job 2: 
        Aligning the concatenated FASTA file
        
Reason: Missing output files: results/alignment/alpha_aligned.fasta; Input files updated by another job: results/fasta_concat/alpha_msa.fasta

Terminating processes on user request, this might take some time.
RuleException:
CalledProcessError in file /Users/armel001/Documents/Workflow_template/workflow/rules/data_anal_align.smk, line 19:
Command 'set -euo pipefail;  
        mafft results/fasta_concat/alpha_msa.fasta > results/alignment/alpha_aligned.fasta 2> results/log/alpha_aligned.log' died with <Signals.SIGINT: 2>.
