host: MPLCLTMP0423.local
Building DAG of jobs...
Using shell: /opt/homebrew/bin/bash
Provided cores: 4
Rules claiming more threads will be scaled down.
Conda environments: ignored
Job stats:
job             count
------------  -------
all                 1
initial_tree        1
total               2

Select jobs to execute...
Execute 1 jobs...

[Thu Mar  6 12:27:30 2025]
Job 5: 
        Building a phylogenetic tree using IQ-TREE
        
Reason: Missing output files: results/phylogenetic_tree/alpha_aligned_trimmed.treefile

RuleException:
CalledProcessError in file /Users/armel001/Documents/Workflow_template/workflow/rules/data_anal_tree.smk, line 18:
Command 'set -euo pipefail;  
        mkdir -p results/phylogenetic_tree/
        iqtree -s results/alignment/alpha_aligned_trimmed.fasta -fast -m MF -alrt 1000 -nt AUTO > results/log/alpha_aligned_trimmed_tree.log 2>&1
        mv results/alignment/alpha_aligned_trimmed.fasta.* results/phylogenetic_tree/
        echo "Phylogenetic tree completed for alpha" >> results/log/alpha_aligned_trimmed_tree.log' returned non-zero exit status 2.
[Thu Mar  6 12:27:30 2025]
Error in rule initial_tree:
    jobid: 5
    input: results/alignment/alpha_aligned_trimmed.fasta
    output: results/phylogenetic_tree/alpha_aligned_trimmed.treefile
    log: results/log/alpha_aligned_trimmed_tree.log (check log file(s) for error details)
    conda-env: /Users/armel001/Documents/Workflow_template/.snakemake/conda/718e0263b3a024fe2825541352618afa_
    shell:
        
        mkdir -p results/phylogenetic_tree/
        iqtree -s results/alignment/alpha_aligned_trimmed.fasta -fast -m MF -alrt 1000 -nt AUTO > results/log/alpha_aligned_trimmed_tree.log 2>&1
        mv results/alignment/alpha_aligned_trimmed.fasta.* results/phylogenetic_tree/
        echo "Phylogenetic tree completed for alpha" >> results/log/alpha_aligned_trimmed_tree.log
        
        (one of the commands exited with non-zero exit code; note that snakemake uses bash strict mode!)

Shutting down, this might take some time.
Exiting because a job execution failed. Look above for error message
Complete log: .snakemake/log/2025-03-06T122728.336480.snakemake.log
WorkflowError:
At least one job did not complete successfully.
