host: MPLCLTMP0423.local
Building DAG of jobs...
Using shell: /opt/homebrew/bin/bash
Provided cores: 4
Rules claiming more threads will be scaled down.
Conda environments: ignored
Job stats:
job             count
------------  -------
all                 1
initial_tree        1
total               2

Select jobs to execute...
Execute 1 jobs...

[Thu Mar  6 12:39:45 2025]
Job 5: 
        Building a phylogenetic tree using IQ-TREE
        
Reason: Code has changed since last execution

[Thu Mar  6 12:41:24 2025]
Finished job 5.
1 of 2 steps (50%) done
Select jobs to execute...
Execute 1 jobs...

[Thu Mar  6 12:41:24 2025]
localrule all:
    input: results/metadata_concat/alpha_metadata.tsv, results/fasta_concat/alpha_msa_rmdup.fasta, results/alignment/alpha_aligned.fasta, results/alignment/alpha_aligned_trimmed.fasta, results/phylogenetic_tree/alpha_aligned_trimmed.fasta.treefile
    jobid: 0
    reason: Input files updated by another job: results/phylogenetic_tree/alpha_aligned_trimmed.fasta.treefile
    resources: tmpdir=/var/folders/0k/yxjp5l81665234b076ynjzxr0000gq/T

[Thu Mar  6 12:41:24 2025]
Finished job 0.
2 of 2 steps (100%) done
Complete log: .snakemake/log/2025-03-06T123942.940553.snakemake.log
