host: MPLCLTPO1561.ird.priv
Building DAG of jobs...
Using shell: /opt/homebrew/bin/bash
Provided cores: 2
Rules claiming more threads will be scaled down.
Conda environments: ignored
Job stats:
job          count
---------  -------
alignment        1
all              1
total            2

Select jobs to execute...
Execute 1 jobs...

[Tue Mar  4 15:17:48 2025]
Job 2: 
        Aligning the concatenated FASTA file
	
Reason: Missing output files: results/alignment/alpha_aligned.fasta

RuleException:
CalledProcessError in file /Users/armel001/Documents/Workflow_template/workflow/rules/data_anal_align.smk, line 21:
Command 'set -euo pipefail;  'mafft results/fasta_concatenation/alpha_msa.fasta results/alignment/alpha_aligned.fasta'' returned non-zero exit status 127.
Terminating processes on user request, this might take some time.
Complete log: .snakemake/log/2025-03-04T151748.553705.snakemake.log
WorkflowError:
At least one job did not complete successfully.
