host: MPLCLTPO1561.ird.priv
Building DAG of jobs...
Using shell: /opt/homebrew/bin/bash
Provided cores: 2
Rules claiming more threads will be scaled down.
Conda environments: ignored
Job stats:
job                       count
----------------------  -------
alignment                     1
all                           1
fasta_concatenation           1
metadata_concatenation        1
total                         4

Select jobs to execute...
Execute 2 jobs...

[Tue Mar  4 15:30:11 2025]
Job 1: 
        Concatenating query and background metadata files
	
Reason: Missing output files: results/metadata_concatenation/alpha_metadata.tsv


[Tue Mar  4 15:30:11 2025]
Job 3: 
        Concatenating query and background fasta files
	
Reason: Missing output files: results/fasta_concatenation/alpha_msa.fasta

[Tue Mar  4 15:30:11 2025]
Finished job 1.
1 of 4 steps (25%) done
[Tue Mar  4 15:30:11 2025]
Finished job 3.
2 of 4 steps (50%) done
Select jobs to execute...
Execute 1 jobs...

[Tue Mar  4 15:30:11 2025]
Job 2: 
        Aligning the concatenated FASTA file
        
Reason: Missing output files: results/alignment/alpha_aligned.fasta; Input files updated by another job: results/fasta_concatenation/alpha_msa.fasta

WorkflowError:
Failed to open source file /Users/armel001/Documents/Workflow_template/workflow/rules/workflow/envs/mafft.yaml
FileNotFoundError: [Errno 2] No such file or directory: '/Users/armel001/Documents/Workflow_template/workflow/rules/workflow/envs/mafft.yaml'
WorkflowError:
Failed to open source file /Users/armel001/Documents/Workflow_template/workflow/rules/workflow/envs/mafft.yaml
FileNotFoundError: [Errno 2] No such file or directory: '/Users/armel001/Documents/Workflow_template/workflow/rules/workflow/envs/mafft.yaml'
