host: MPLCLTMP0423.local
Building DAG of jobs...
Using shell: /opt/homebrew/bin/bash
Provided cores: 4
Rules claiming more threads will be scaled down.
Conda environments: ignored
Job stats:
job                   count
------------------  -------
all                       1
events_extaction          1
treetime_clock            1
treetime_mugration        1
treetime_timescale        1
total                     5

Select jobs to execute...
Execute 2 jobs...

[Fri May 16 19:39:36 2025]
Job 8: 
        Inferring time-scale phylogenetic tree using treetime
        Sample : alpha
        
Reason: Updated input files: results/00_Dataset/alpha_metadata.tsv


[Fri May 16 19:39:36 2025]
Job 9: 
        Verifiying molecular clock signal
        Sample : alpha
        
Reason: Updated input files: results/00_Dataset/alpha_metadata.tsv

[Fri May 16 19:39:40 2025]
Finished job 9.
1 of 5 steps (20%) done
[Fri May 16 19:40:53 2025]
Finished job 8.
2 of 5 steps (40%) done
Select jobs to execute...
Execute 1 jobs...

[Fri May 16 19:40:53 2025]
Job 7: 
        Place Attribute to each tip in the tree
        Sample : alpha
        
Reason: Missing output files: results/05_Treetime_mugration/alpha_tree/annotated_tree.nexus; Input files updated by another job: results/99_FINAL_REPORT/alpha_timetree.nexus

[Fri May 16 19:40:59 2025]
Finished job 7.
3 of 5 steps (60%) done
Select jobs to execute...
Execute 1 jobs...

[Fri May 16 19:40:59 2025]
Job 5: 
        Extract events from the tree for the sample : alpha
        Using Baltic script developed by @eduan and col.
        
Reason: Missing output files: results/99_FINAL_REPORT/alpha_annottated_tree_events.csv; Input files updated by another job: results/05_Treetime_mugration/alpha_tree/annotated_tree.nexus

[Fri May 16 19:41:00 2025]
Finished job 5.
4 of 5 steps (80%) done
Select jobs to execute...
Execute 1 jobs...

[Fri May 16 19:41:00 2025]
localrule all:
    input: results/02_Phylogenetic_tree/alpha_tree/alpha_aligned_trimmed.fasta.treefile, results/99_FINAL_REPORT/alpha_annottated_tree_events.csv, results/99_FINAL_REPORT/alpha_root_to_tip_regression.pdf
    jobid: 0
    reason: Input files updated by another job: results/99_FINAL_REPORT/alpha_root_to_tip_regression.pdf, results/99_FINAL_REPORT/alpha_annottated_tree_events.csv
    resources: tmpdir=/var/folders/0k/yxjp5l81665234b076ynjzxr0000gq/T

[Fri May 16 19:41:00 2025]
Finished job 0.
5 of 5 steps (100%) done
Complete log: .snakemake/log/2025-05-16T193935.149498.snakemake.log
