Building DAG of jobs...
Using shell: /bin/bash
Provided cores: 4
Rules claiming more threads will be scaled down.
Job stats:
job                   count
------------------  -------
all                       1
treetime_ancestral        1
treetime_clock            1
total                     3

Select jobs to execute...
Execute 2 jobs...

[Tue Mar 11 10:40:33 2025]
Job 7: 
        Inferring ancestral sequences using treetime
        Sample : alpha
        
Reason: Missing output files: results/treetime_ancestral/alpha_tree/timetree.nexus

RuleException in rule treetime_ancestral in file /Users/armel001/Documents/Workflow_template/workflow/rules/treetime_ancestral.smk, line 1:
NameError: The name 'sample' is unknown in this context. Did you mean 'wildcards.sample'?, when formatting the following:

        treetime --aln {input.alignment}         --tree {input.initial_tree}           --dates {input.metadata}             --clock-rate {params.clock_rate}         --clock-std-dev {params.clock_std_dev}         --outdir {output.ancestral_dir}         --confidence
        mv {output.ancestral_dir}/timetree.nexus "results/{sample}_final_tree/{sample}_timetree.nexus"
        echo 'Time scale phylogenetic tree constructed {wildcards.sample}' >> {log}
        
