host: MPLCLTPO1561.ird.priv
Building DAG of jobs...
Using shell: /opt/homebrew/bin/bash
Provided cores: 2
Rules claiming more threads will be scaled down.
Conda environments: ignored
Job stats:
job                       count
----------------------  -------
alignment                     1
all                           1
fasta_concatenation           1
metadata_concatenation        1
total                         4

Select jobs to execute...
Execute 2 jobs...

[Tue Mar  4 15:53:02 2025]
Job 1: 
        Concatenating query and background metadata files
	
Reason: Missing output files: results/metadata_concatenation/alpha_metadata.tsv


[Tue Mar  4 15:53:02 2025]
Job 3: 
        Concatenating query and background fasta files
	
Reason: Missing output files: results/fasta_concatenation/alpha_msa.fasta

[Tue Mar  4 15:53:02 2025]
Finished job 1.
1 of 4 steps (25%) done
[Tue Mar  4 15:53:02 2025]
Finished job 3.
2 of 4 steps (50%) done
Select jobs to execute...
Execute 1 jobs...

[Tue Mar  4 15:53:02 2025]
Job 2: 
        Aligning the concatenated FASTA file
        
Reason: Missing output files: results/alignment/alpha_aligned.fasta; Input files updated by another job: results/fasta_concatenation/alpha_msa.fasta; Code has changed since last execution

RuleException:
CalledProcessError in file /Users/armel001/Documents/Workflow_template/workflow/rules/data_anal_align.smk, line 19:
Command 'set -euo pipefail;  
        mafft results/fasta_concatenation/alpha_msa.fasta > results/alignment/alpha_aligned.fasta 2> results/log/alpha_aligned.log
        scripts/spinner.sh $!' returned non-zero exit status 1.
[Tue Mar  4 15:54:02 2025]
Error in rule alignment:
    jobid: 2
    input: results/fasta_concatenation/alpha_msa.fasta
    output: results/alignment/alpha_aligned.fasta
    log: results/log/alpha_aligned.log (check log file(s) for error details)
    conda-env: /Users/armel001/Documents/Workflow_template/.snakemake/conda/7c2ea12c36ce234efcb5f570d6201e28_
    shell:
        
        mafft results/fasta_concatenation/alpha_msa.fasta > results/alignment/alpha_aligned.fasta 2> results/log/alpha_aligned.log
        scripts/spinner.sh $!
    
        (one of the commands exited with non-zero exit code; note that snakemake uses bash strict mode!)

Removing output files of failed job alignment since they might be corrupted:
results/alignment/alpha_aligned.fasta
Shutting down, this might take some time.
Exiting because a job execution failed. Look above for error message
Complete log: .snakemake/log/2025-03-04T155300.655859.snakemake.log
WorkflowError:
At least one job did not complete successfully.
