host: MPLCLTPO1561.ird.priv
Building DAG of jobs...
Using shell: /opt/homebrew/bin/bash
Provided cores: 2
Rules claiming more threads will be scaled down.
Job stats:
job                    count
-------------------  -------
all                        1
fasta_concatenation        1
total                      2

Select jobs to execute...
Execute 1 jobs...

[Tue Mar  4 13:30:05 2025]
Job 1: 
        Concatenating query and background fasta files
	
Reason: Missing output files: results/fasta_concatenation/alpha_msa.fasta

RuleException in rule fasta_concatenation in file /Users/armel001/Documents/Workflow_template/workflow/rules/data_prep.smk, line 3:
AttributeError: 'InputFiles' object has no attribute 'fasfa_background', when formatting the following:

        cat {input.fasta_query} {input.fasfa_background} > {output.msa}  
        echo "The concatenated FASTA file contains $(grep '>' {output.msa} | wc -l) sequences." >> {log}
        2> {log} # Revoir le log 
        
