host: MPLCLTMP0423.local
Building DAG of jobs...
Using shell: /opt/homebrew/bin/bash
Provided cores: 4
Rules claiming more threads will be scaled down.
Job stats:
job                 count
----------------  -------
all                     1
events_extaction        3
total                   4

Select jobs to execute...
Execute 3 jobs...

[Thu Mar 13 10:49:05 2025]
Job 19: 
        Extract events from the tree for the sample : beta
        Using Baltic script developed by @eduan and col.
        
Reason: Missing output files: results/99_FINAL_REPORT/beta_annottated_tree_events.csv

[Thu Mar 13 10:49:05 2025]
Job 22: 
        Extract events from the tree for the sample : alpha
        Using Baltic script developed by @eduan and col.
        
Reason: Missing output files: results/99_FINAL_REPORT/alpha_annottated_tree_events.csv

[Thu Mar 13 10:49:05 2025]
Job 25: 
        Extract events from the tree for the sample : delta
        Using Baltic script developed by @eduan and col.
        
Reason: Missing output files: results/99_FINAL_REPORT/delta_annottated_tree_events.csv

Activating conda environment: .snakemake/conda/eee7bbd51d106be0bf2da8742a7df6a6_
Activating conda environment: .snakemake/conda/eee7bbd51d106be0bf2da8742a7df6a6_
Activating conda environment: .snakemake/conda/eee7bbd51d106be0bf2da8742a7df6a6_
Activating conda environment: .snakemake/conda/eee7bbd51d106be0bf2da8742a7df6a6_
Activating conda environment: .snakemake/conda/eee7bbd51d106be0bf2da8742a7df6a6_
Activating conda environment: .snakemake/conda/eee7bbd51d106be0bf2da8742a7df6a6_
RuleException:
CalledProcessError in file /Users/armel001/Documents/Workflow_template/workflow/rules/events_extraction.smk, line 23:
Command 'source /Users/armel001/miniforge3/bin/activate '/Users/armel001/Documents/Workflow_template/.snakemake/conda/eee7bbd51d106be0bf2da8742a7df6a6_'; set -euo pipefail;  python /Users/armel001/Documents/Workflow_template/.snakemake/scripts/tmpfa8l5ab9.AncestralChanges.py' returned non-zero exit status 1.
[Thu Mar 13 10:49:08 2025]
Error in rule events_extaction:
    jobid: 22
    input: results/00_Dataset/alpha_metadata.tsv, results/05_Treetime_mugration/alpha_tree/annotated_tree.nexus
    output: results/99_FINAL_REPORT/alpha_annottated_tree_events.csv
    log: results/log/alpha_aligned_trimmed_tree_events.log (check log file(s) for error details)
    conda-env: /Users/armel001/Documents/Workflow_template/.snakemake/conda/eee7bbd51d106be0bf2da8742a7df6a6_

RuleException:
CalledProcessError in file /Users/armel001/Documents/Workflow_template/workflow/rules/events_extraction.smk, line 23:
Command 'source /Users/armel001/miniforge3/bin/activate '/Users/armel001/Documents/Workflow_template/.snakemake/conda/eee7bbd51d106be0bf2da8742a7df6a6_'; set -euo pipefail;  python /Users/armel001/Documents/Workflow_template/.snakemake/scripts/tmphaa2qud2.AncestralChanges.py' returned non-zero exit status 1.
[Thu Mar 13 10:49:08 2025]
Error in rule events_extaction:
    jobid: 25
    input: results/00_Dataset/delta_metadata.tsv, results/05_Treetime_mugration/delta_tree/annotated_tree.nexus
    output: results/99_FINAL_REPORT/delta_annottated_tree_events.csv
    log: results/log/delta_aligned_trimmed_tree_events.log (check log file(s) for error details)
    conda-env: /Users/armel001/Documents/Workflow_template/.snakemake/conda/eee7bbd51d106be0bf2da8742a7df6a6_

RuleException:
CalledProcessError in file /Users/armel001/Documents/Workflow_template/workflow/rules/events_extraction.smk, line 23:
Command 'source /Users/armel001/miniforge3/bin/activate '/Users/armel001/Documents/Workflow_template/.snakemake/conda/eee7bbd51d106be0bf2da8742a7df6a6_'; set -euo pipefail;  python /Users/armel001/Documents/Workflow_template/.snakemake/scripts/tmp9pme7oq1.AncestralChanges.py' returned non-zero exit status 1.
[Thu Mar 13 10:49:08 2025]
Error in rule events_extaction:
    jobid: 19
    input: results/00_Dataset/beta_metadata.tsv, results/05_Treetime_mugration/beta_tree/annotated_tree.nexus
    output: results/99_FINAL_REPORT/beta_annottated_tree_events.csv
    log: results/log/beta_aligned_trimmed_tree_events.log (check log file(s) for error details)
    conda-env: /Users/armel001/Documents/Workflow_template/.snakemake/conda/eee7bbd51d106be0bf2da8742a7df6a6_

Exiting because a job execution failed. Look above for error message
Complete log: .snakemake/log/2025-03-13T104903.164553.snakemake.log
WorkflowError:
At least one job did not complete successfully.
