Building DAG of jobs...
Using shell: /bin/bash
Provided cores: 4
Rules claiming more threads will be scaled down.
Job stats:
job                   count
------------------  -------
all                       1
treetime_ancestral        1
treetime_clock            1
total                     3

Select jobs to execute...
Execute 2 jobs...

[Tue Mar 11 11:19:39 2025]
Job 7: 
        Inferring ancestral sequences using treetime
        Sample : alpha
        
Reason: Missing output files: results/FINAL_REPORT/alpha_timetree.nexus

Activating conda environment: .snakemake/conda/38bd8cbf87b99d167db693ab77b559e9_

[Tue Mar 11 11:19:39 2025]
Job 6: 
        Verifiying molecular clock signal
        Sample : alpha
        
Reason: Missing output files: results/FINAL_REPORT/alpha_root_to_tip_regression.pdf

Activating conda environment: .snakemake/conda/38bd8cbf87b99d167db693ab77b559e9_
[Tue Mar 11 11:19:43 2025]
Finished job 6.
1 of 3 steps (33%) done
[Tue Mar 11 11:21:37 2025]
Finished job 7.
2 of 3 steps (67%) done
Select jobs to execute...
Execute 1 jobs...

[Tue Mar 11 11:21:37 2025]
localrule all:
    input: results/metadata_concat/alpha_metadata.tsv, results/fasta_concat/alpha_msa_rmdup.fasta, results/alignment/alpha_aligned.fasta, results/alignment/alpha_aligned_trimmed.fasta, results/phylogenetic_tree/alpha_tree/alpha_aligned_trimmed.fasta.treefile, results/FINAL_REPORT/alpha_root_to_tip_regression.pdf, results/FINAL_REPORT/alpha_timetree.nexus
    jobid: 0
    reason: Input files updated by another job: results/FINAL_REPORT/alpha_timetree.nexus, results/FINAL_REPORT/alpha_root_to_tip_regression.pdf
    resources: tmpdir=/var/folders/0k/yxjp5l81665234b076ynjzxr0000gq/T

[Tue Mar 11 11:21:37 2025]
Finished job 0.
3 of 3 steps (100%) done
Complete log: .snakemake/log/2025-03-11T111935.209171.snakemake.log
