host: MPLCLTPO1561.ird.priv
Building DAG of jobs...
Using shell: /opt/homebrew/bin/bash
Provided cores: 2
Rules claiming more threads will be scaled down.
Job stats:
job                    count
-------------------  -------
all                        1
fasta_concatenation        1
total                      2

Select jobs to execute...
Execute 1 jobs...

[Tue Mar  4 13:31:36 2025]
Job 1: 
        Concatenating query and background fasta files
	
Reason: Missing output files: results/fasta_concatenation/alpha_msa.fasta

[Tue Mar  4 13:31:36 2025]
Finished job 1.
1 of 2 steps (50%) done
Select jobs to execute...
Execute 1 jobs...

[Tue Mar  4 13:31:36 2025]
localrule all:
    input: results/fasta_concatenation/alpha_msa.fasta, results/metadata_concatenation/alpha_metadata.tsv
    jobid: 0
    reason: Input files updated by another job: results/fasta_concatenation/alpha_msa.fasta
    resources: tmpdir=/var/folders/0k/yxjp5l81665234b076ynjzxr0000gq/T

[Tue Mar  4 13:31:36 2025]
Finished job 0.
2 of 2 steps (100%) done
Complete log: .snakemake/log/2025-03-04T133136.508136.snakemake.log
